<?xml version="1.0" encoding="UTF-8"?>
<!-- Generated by org.testng.reporters.JUnitXMLReporter -->
<testsuite hostname="LAPTOP-CQCP7E8G" ignored="1" name="Test" tests="2" failures="0" timestamp="28 Jan 2021 23:14:44 GMT" time="2.657" errors="0">
  <testcase name="deleteEmployeeDetailTest" time="1.725" classname="Tests.DeleteEmploeeTest"/>
  <testcase name="getEmployeeDetailTest" time="0.916" classname="Tests.GetEmployeeTest"/>
  <testcase name="@BeforeSuite beforeSuite" time="0.0" classname="Tests.BaseTest">
    <ignored/>
  </testcase> <!-- @BeforeSuite beforeSuite -->
</testsuite> <!-- Test -->
