<?xml version="1.0" encoding="UTF-8"?>
<testng-results skipped="0" failed="0" ignored="1" total="3" passed="2">
  <reporter-output>
  </reporter-output>
  <suite name="Suite" duration-ms="2657" started-at="2021-01-28T23:14:41Z" finished-at="2021-01-28T23:14:44Z">
    <groups>
    </groups>
    <test name="Test" duration-ms="2657" started-at="2021-01-28T23:14:41Z" finished-at="2021-01-28T23:14:44Z">
      <class name="Tests.DeleteEmploeeTest">
        <test-method status="PASS" signature="beforeSuite()[pri:0, instance:Tests.DeleteEmploeeTest@7b2bbc3]" name="beforeSuite" is-config="true" duration-ms="389" started-at="2021-01-28T23:14:41Z" finished-at="2021-01-28T23:14:41Z">
          <reporter-output>
          </reporter-output>
        </test-method> <!-- beforeSuite -->
        <test-method status="PASS" signature="deleteEmployeeDetailTest()[pri:0, instance:Tests.DeleteEmploeeTest@7b2bbc3]" name="deleteEmployeeDetailTest" duration-ms="1725" started-at="2021-01-28T23:14:41Z" finished-at="2021-01-28T23:14:43Z">
          <reporter-output>
          </reporter-output>
        </test-method> <!-- deleteEmployeeDetailTest -->
      </class> <!-- Tests.DeleteEmploeeTest -->
      <class name="Tests.GetEmployeeTest">
        <test-method status="PASS" signature="getEmployeeDetailTest()[pri:0, instance:Tests.GetEmployeeTest@a1153bc]" name="getEmployeeDetailTest" duration-ms="916" started-at="2021-01-28T23:14:43Z" finished-at="2021-01-28T23:14:44Z">
          <reporter-output>
          </reporter-output>
        </test-method> <!-- getEmployeeDetailTest -->
      </class> <!-- Tests.GetEmployeeTest -->
    </test> <!-- Test -->
  </suite> <!-- Suite -->
</testng-results>
