<?xml version="1.0" encoding="UTF-8"?>
<!-- Generated by org.testng.reporters.JUnitXMLReporter -->
<testsuite hostname="LAPTOP-CQCP7E8G" ignored="0" name="Default test" tests="4" failures="0" timestamp="28 Jan 2021 23:44:06 GMT" time="9.062" errors="0">
  <testcase name="searchItem" time="2.821" classname="Tests.SearchTest"/>
  <testcase name="clickFirstSeachResult" time="3.745" classname="Tests.SearchTest"/>
  <testcase name="addItemToCart" time="1.354" classname="Tests.SearchTest"/>
  <testcase name="proceedToCheckout" time="1.076" classname="Tests.SearchTest"/>
</testsuite> <!-- Default test -->
